<?xml version="1.0" encoding="UTF-8"?>
<!-- Generated by org.testng.reporters.JUnitXMLReporter -->
<testsuite hostname="ICPL11467" ignored="1" name="BDD Test" tests="1" failures="0" timestamp="12 Jan 2018 11:54:52 GMT" time="217.166" errors="0">
  <testcase name="shopcluessteps" time="207.178" classname="com.qmetry.qaf.automation.step.client.DataDrivenScenario"/>
  <testcase name="shopcluessteps" time="0.0" classname="com.qmetry.qaf.automation.step.client.DataDrivenScenario">
    <ignored/>
  </testcase> <!-- shopcluessteps -->
</testsuite> <!-- BDD Test -->
